2025-11-15 15:16:08.998973 INFO /api/login 200 generated log
2025-11-15 15:16:11.000573 INFO /api/users 404 generated log
2025-11-15 15:16:13.002327 INFO /api/orders 401 generated log
2025-11-15 15:16:15.004147 ERROR /api/users 200 generated log
2025-11-15 15:16:17.005297 INFO /api/users 200 generated log
2025-11-15 15:16:19.006679 INFO /api/products 500 generated log
2025-11-15 15:16:21.008148 ERROR /api/orders 500 generated log
2025-11-15 15:16:23.009495 INFO /api/login 200 generated log
2025-11-15 15:16:25.010955 INFO /api/orders 201 generated log
2025-11-15 15:16:27.013597 ERROR /api/users 200 generated log
2025-11-15 15:16:29.015911 ERROR /api/login 500 generated log
2025-11-15 15:16:31.018239 INFO /api/users 500 generated log
2025-11-15 15:16:33.022994 ERROR /api/products 404 generated log
2025-11-15 15:16:35.025543 INFO /api/products 404 generated log
2025-11-15 15:16:37.027625 ERROR /api/products 401 generated log
2025-11-15 15:16:39.029595 ERROR /api/login 500 generated log
2025-11-15 15:16:41.032332 ERROR /api/login 404 generated log
2025-11-15 15:16:43.033377 ERROR /api/login 404 generated log
2025-11-15 15:16:45.035995 INFO /api/orders 500 generated log
2025-11-15 15:16:47.037005 INFO /api/orders 401 generated log
2025-11-15 15:16:49.038772 ERROR /api/login 400 generated log
2025-11-15 15:16:51.041849 INFO /api/products 400 generated log
2025-11-15 15:16:53.044171 ERROR /api/users 400 generated log
2025-11-15 15:16:55.047178 ERROR /api/users 200 generated log
2025-11-15 15:16:57.050295 ERROR /api/products 200 generated log
2025-11-15 15:16:59.052575 INFO /api/login 404 generated log
